{
  "RSpec": {
    "coverage": {
      "/home/mangala/Documents/calendar_bookings-master/app/services/booking_service.rb": [
        1,
        1,
        1,
        null,
        1,
        5,
        null,
        null,
        1,
        5,
        null,
        null,
        1,
        1,
        5,
        4,
        4,
        4,
        4,
        0,
        null,
        4,
        4,
        4,
        null,
        null,
        null,
        1,
        9,
        9,
        9,
        null,
        null,
        1,
        18,
        null,
        0,
        null,
        null,
        null
      ],
      "/home/mangala/Documents/calendar_bookings-master/app/services/concerns/service_object.rb": [
        null,
        null,
        null,
        null,
        null,
        null,
        null,
        null,
        null,
        null,
        null,
        null,
        null,
        null,
        null,
        null,
        null,
        null,
        null,
        1,
        null,
        null,
        null,
        1,
        1,
        null,
        null,
        null,
        null,
        null,
        1,
        null,
        null,
        null,
        null,
        null,
        null,
        null,
        null,
        null,
        1,
        0,
        0,
        null,
        0,
        null,
        null,
        null,
        null,
        null,
        null,
        null,
        null,
        null,
        null,
        1,
        0,
        0,
        0,
        0,
        null,
        null,
        null
      ],
      "/home/mangala/Documents/calendar_bookings-master/app/models/room.rb": [
        1,
        1,
        null
      ],
      "/home/mangala/Documents/calendar_bookings-master/app/models/booking.rb": [
        1,
        1,
        1,
        5,
        5,
        null,
        null
      ]
    },
    "timestamp": 1520955686
  }
}
